2022-04-01 13:02:35.712  INFO 21824 --- [main] com.smoothstack.ua.UaApplication         : Starting UaApplication using Java 16.0.1 on DESKTOP-6HFQH8D with PID 21824 (C:\Users\Sam\Documents\GitHub\utopia-SS\ua\target\classes started by Sam in C:\Users\Sam\Documents\GitHub\utopia-SS\ua)
2022-04-01 13:02:35.716  INFO 21824 --- [main] com.smoothstack.ua.UaApplication         : No active profile set, falling back to 1 default profile: "default"
2022-04-01 13:02:37.252  INFO 21824 --- [main] .s.d.r.c.RepositoryConfigurationDelegate : Bootstrapping Spring Data JPA repositories in DEFAULT mode.
2022-04-01 13:02:37.417  INFO 21824 --- [main] .s.d.r.c.RepositoryConfigurationDelegate : Finished Spring Data repository scanning in 150 ms. Found 15 JPA repository interfaces.
2022-04-01 13:02:38.659  INFO 21824 --- [main] o.s.b.w.embedded.tomcat.TomcatWebServer  : Tomcat initialized with port(s): 8080 (http)
2022-04-01 13:02:38.673  INFO 21824 --- [main] o.apache.catalina.core.StandardService   : Starting service [Tomcat]
2022-04-01 13:02:38.674  INFO 21824 --- [main] org.apache.catalina.core.StandardEngine  : Starting Servlet engine: [Apache Tomcat/9.0.58]
2022-04-01 13:02:38.866  INFO 21824 --- [main] o.a.c.c.C.[Tomcat].[localhost].[/]       : Initializing Spring embedded WebApplicationContext
2022-04-01 13:02:38.867  INFO 21824 --- [main] w.s.c.ServletWebServerApplicationContext : Root WebApplicationContext: initialization completed in 3063 ms
2022-04-01 13:02:39.476  INFO 21824 --- [main] com.zaxxer.hikari.HikariDataSource       : HikariPool-1 - Starting...
2022-04-01 13:02:40.045  INFO 21824 --- [main] com.zaxxer.hikari.HikariDataSource       : HikariPool-1 - Start completed.
2022-04-01 13:02:40.137  INFO 21824 --- [main] o.hibernate.jpa.internal.util.LogHelper  : HHH000204: Processing PersistenceUnitInfo [name: default]
2022-04-01 13:02:40.246  INFO 21824 --- [main] org.hibernate.Version                    : HHH000412: Hibernate ORM core version 5.6.5.Final
2022-04-01 13:02:40.650  INFO 21824 --- [main] o.hibernate.annotations.common.Version   : HCANN000001: Hibernate Commons Annotations {5.1.2.Final}
2022-04-01 13:02:40.871  INFO 21824 --- [main] org.hibernate.dialect.Dialect            : HHH000400: Using dialect: org.hibernate.dialect.MySQL8Dialect
2022-04-01 13:02:41.779  INFO 21824 --- [main] o.h.e.t.j.p.i.JtaPlatformInitiator       : HHH000490: Using JtaPlatform implementation: [org.hibernate.engine.transaction.jta.platform.internal.NoJtaPlatform]
2022-04-01 13:02:41.789  INFO 21824 --- [main] j.LocalContainerEntityManagerFactoryBean : Initialized JPA EntityManagerFactory for persistence unit 'default'
2022-04-01 13:02:42.382  WARN 21824 --- [main] JpaBaseConfiguration$JpaWebConfiguration : spring.jpa.open-in-view is enabled by default. Therefore, database queries may be performed during view rendering. Explicitly configure spring.jpa.open-in-view to disable this warning
2022-04-01 13:02:43.202  INFO 21824 --- [main] o.s.s.web.DefaultSecurityFilterChain     : Will not secure any request
2022-04-01 13:02:45.048  INFO 21824 --- [main] o.s.b.a.e.web.EndpointLinksResolver      : Exposing 14 endpoint(s) beneath base path '/actuator'
2022-04-01 13:02:45.124  INFO 21824 --- [main] o.s.b.w.embedded.tomcat.TomcatWebServer  : Tomcat started on port(s): 8080 (http) with context path ''
2022-04-01 13:02:45.140  INFO 21824 --- [main] com.smoothstack.ua.UaApplication         : Started UaApplication in 10.075 seconds (JVM running for 10.846)
2022-04-01 13:02:46.220  INFO 21824 --- [http-nio-8080-exec-1] o.a.c.c.C.[Tomcat].[localhost].[/]       : Initializing Spring DispatcherServlet 'dispatcherServlet'
2022-04-01 13:02:46.220  INFO 21824 --- [http-nio-8080-exec-1] o.s.web.servlet.DispatcherServlet        : Initializing Servlet 'dispatcherServlet'
2022-04-01 13:02:46.221  INFO 21824 --- [http-nio-8080-exec-1] o.s.web.servlet.DispatcherServlet        : Completed initialization in 1 ms
2022-04-01 13:02:46.236  WARN 21824 --- [http-nio-8080-exec-1] c.s.ua.security.jwt.JwtRequestFilter     : JWT Token does not begin with Bearer String
2022-04-01 13:02:46.263  INFO 21824 --- [http-nio-8080-exec-1] com.smoothstack.ua.extras.LoggingAspect  : Enter: com.smoothstack.ua.controllers.AdminController.getAirplaneTypes() with arguments[s] = []
2022-04-01 13:02:46.279  INFO 21824 --- [http-nio-8080-exec-1] com.smoothstack.ua.extras.LoggingAspect  : Enter: com.smoothstack.ua.services.AdminService.getALLAirplaneTypes() with arguments[s] = []
2022-04-01 13:02:53.191  INFO 21824 --- [SpringApplicationShutdownHook] j.LocalContainerEntityManagerFactoryBean : Closing JPA EntityManagerFactory for persistence unit 'default'
2022-04-01 13:02:53.193  INFO 21824 --- [SpringApplicationShutdownHook] com.zaxxer.hikari.HikariDataSource       : HikariPool-1 - Shutdown initiated...
2022-04-01 13:02:53.200  INFO 21824 --- [SpringApplicationShutdownHook] com.zaxxer.hikari.HikariDataSource       : HikariPool-1 - Shutdown completed.
2022-04-01 13:42:40.130  INFO 24808 --- [main] com.smoothstack.ua.UaApplication         : Starting UaApplication using Java 16.0.1 on DESKTOP-6HFQH8D with PID 24808 (C:\Users\Sam\Documents\GitHub\utopia-SS\ua\target\classes started by Sam in C:\Users\Sam\Documents\GitHub\utopia-SS\ua)
2022-04-01 13:42:40.135  INFO 24808 --- [main] com.smoothstack.ua.UaApplication         : No active profile set, falling back to 1 default profile: "default"
2022-04-01 13:42:41.977  INFO 24808 --- [main] .s.d.r.c.RepositoryConfigurationDelegate : Bootstrapping Spring Data JPA repositories in DEFAULT mode.
2022-04-01 13:42:42.167  INFO 24808 --- [main] .s.d.r.c.RepositoryConfigurationDelegate : Finished Spring Data repository scanning in 171 ms. Found 15 JPA repository interfaces.
2022-04-01 13:42:43.450  INFO 24808 --- [main] o.s.b.w.embedded.tomcat.TomcatWebServer  : Tomcat initialized with port(s): 8080 (http)
2022-04-01 13:42:43.465  INFO 24808 --- [main] o.apache.catalina.core.StandardService   : Starting service [Tomcat]
2022-04-01 13:42:43.465  INFO 24808 --- [main] org.apache.catalina.core.StandardEngine  : Starting Servlet engine: [Apache Tomcat/9.0.58]
2022-04-01 13:42:43.651  INFO 24808 --- [main] o.a.c.c.C.[Tomcat].[localhost].[/]       : Initializing Spring embedded WebApplicationContext
2022-04-01 13:42:43.652  INFO 24808 --- [main] w.s.c.ServletWebServerApplicationContext : Root WebApplicationContext: initialization completed in 3431 ms
2022-04-01 13:42:44.235  INFO 24808 --- [main] com.zaxxer.hikari.HikariDataSource       : HikariPool-1 - Starting...
2022-04-01 13:42:44.788  INFO 24808 --- [main] com.zaxxer.hikari.HikariDataSource       : HikariPool-1 - Start completed.
2022-04-01 13:42:44.869  INFO 24808 --- [main] o.hibernate.jpa.internal.util.LogHelper  : HHH000204: Processing PersistenceUnitInfo [name: default]
2022-04-01 13:42:44.997  INFO 24808 --- [main] org.hibernate.Version                    : HHH000412: Hibernate ORM core version 5.6.5.Final
2022-04-01 13:42:45.331  INFO 24808 --- [main] o.hibernate.annotations.common.Version   : HCANN000001: Hibernate Commons Annotations {5.1.2.Final}
2022-04-01 13:42:45.567  INFO 24808 --- [main] org.hibernate.dialect.Dialect            : HHH000400: Using dialect: org.hibernate.dialect.MySQL8Dialect
2022-04-01 13:42:46.761  INFO 24808 --- [main] o.h.e.t.j.p.i.JtaPlatformInitiator       : HHH000490: Using JtaPlatform implementation: [org.hibernate.engine.transaction.jta.platform.internal.NoJtaPlatform]
2022-04-01 13:42:46.772  INFO 24808 --- [main] j.LocalContainerEntityManagerFactoryBean : Initialized JPA EntityManagerFactory for persistence unit 'default'
2022-04-01 13:42:47.601  WARN 24808 --- [main] JpaBaseConfiguration$JpaWebConfiguration : spring.jpa.open-in-view is enabled by default. Therefore, database queries may be performed during view rendering. Explicitly configure spring.jpa.open-in-view to disable this warning
2022-04-01 13:42:48.819  INFO 24808 --- [main] o.s.s.web.DefaultSecurityFilterChain     : Will not secure any request
2022-04-01 13:42:51.101  INFO 24808 --- [main] o.s.b.a.e.web.EndpointLinksResolver      : Exposing 14 endpoint(s) beneath base path '/actuator'
2022-04-01 13:42:51.200  INFO 24808 --- [main] o.s.b.w.embedded.tomcat.TomcatWebServer  : Tomcat started on port(s): 8080 (http) with context path ''
2022-04-01 13:42:51.218  INFO 24808 --- [main] com.smoothstack.ua.UaApplication         : Started UaApplication in 11.808 seconds (JVM running for 12.615)
2022-04-01 13:54:19.773  INFO 24808 --- [http-nio-8080-exec-3] o.a.c.c.C.[Tomcat].[localhost].[/]       : Initializing Spring DispatcherServlet 'dispatcherServlet'
2022-04-01 13:54:19.773  INFO 24808 --- [http-nio-8080-exec-3] o.s.web.servlet.DispatcherServlet        : Initializing Servlet 'dispatcherServlet'
2022-04-01 13:54:19.775  INFO 24808 --- [http-nio-8080-exec-3] o.s.web.servlet.DispatcherServlet        : Completed initialization in 1 ms
2022-04-01 13:54:19.792  WARN 24808 --- [http-nio-8080-exec-3] c.s.ua.security.jwt.JwtRequestFilter     : JWT Token does not begin with Bearer String
2022-04-01 13:54:19.823  INFO 24808 --- [http-nio-8080-exec-3] com.smoothstack.ua.extras.LoggingAspect  : Enter: com.smoothstack.ua.controllers.AdminController.getAirplaneTypes() with arguments[s] = []
2022-04-01 13:54:19.841  INFO 24808 --- [http-nio-8080-exec-3] com.smoothstack.ua.extras.LoggingAspect  : Enter: com.smoothstack.ua.services.AdminService.getALLAirplaneTypes() with arguments[s] = []
2022-04-01 14:20:07.276  WARN 24808 --- [http-nio-8080-exec-5] c.s.ua.security.jwt.JwtRequestFilter     : JWT Token does not begin with Bearer String
2022-04-01 14:20:07.278  INFO 24808 --- [http-nio-8080-exec-5] com.smoothstack.ua.extras.LoggingAspect  : Enter: com.smoothstack.ua.controllers.AdminController.getAirplaneTypes() with arguments[s] = []
2022-04-01 14:20:07.278  INFO 24808 --- [http-nio-8080-exec-5] com.smoothstack.ua.extras.LoggingAspect  : Enter: com.smoothstack.ua.services.AdminService.getALLAirplaneTypes() with arguments[s] = []
2022-04-01 14:23:21.247  WARN 24808 --- [http-nio-8080-exec-9] c.s.ua.security.jwt.JwtRequestFilter     : JWT Token does not begin with Bearer String
2022-04-01 14:23:21.249  INFO 24808 --- [http-nio-8080-exec-9] com.smoothstack.ua.extras.LoggingAspect  : Enter: com.smoothstack.ua.controllers.AdminController.getAirplaneTypes() with arguments[s] = []
2022-04-01 14:23:21.249  INFO 24808 --- [http-nio-8080-exec-9] com.smoothstack.ua.extras.LoggingAspect  : Enter: com.smoothstack.ua.services.AdminService.getALLAirplaneTypes() with arguments[s] = []
2022-04-01 14:23:21.612  WARN 24808 --- [http-nio-8080-exec-10] c.s.ua.security.jwt.JwtRequestFilter     : JWT Token does not begin with Bearer String
2022-04-01 14:23:21.613  INFO 24808 --- [http-nio-8080-exec-10] com.smoothstack.ua.extras.LoggingAspect  : Enter: com.smoothstack.ua.controllers.AdminController.getAirplaneTypes() with arguments[s] = []
2022-04-01 14:23:21.614  INFO 24808 --- [http-nio-8080-exec-10] com.smoothstack.ua.extras.LoggingAspect  : Enter: com.smoothstack.ua.services.AdminService.getALLAirplaneTypes() with arguments[s] = []
2022-04-01 14:23:22.079  WARN 24808 --- [http-nio-8080-exec-1] c.s.ua.security.jwt.JwtRequestFilter     : JWT Token does not begin with Bearer String
2022-04-01 14:23:22.081  INFO 24808 --- [http-nio-8080-exec-1] com.smoothstack.ua.extras.LoggingAspect  : Enter: com.smoothstack.ua.controllers.AdminController.getAirplaneTypes() with arguments[s] = []
2022-04-01 14:23:22.081  INFO 24808 --- [http-nio-8080-exec-1] com.smoothstack.ua.extras.LoggingAspect  : Enter: com.smoothstack.ua.services.AdminService.getALLAirplaneTypes() with arguments[s] = []
2022-04-01 14:23:22.451  WARN 24808 --- [http-nio-8080-exec-2] c.s.ua.security.jwt.JwtRequestFilter     : JWT Token does not begin with Bearer String
2022-04-01 14:23:22.453  INFO 24808 --- [http-nio-8080-exec-2] com.smoothstack.ua.extras.LoggingAspect  : Enter: com.smoothstack.ua.controllers.AdminController.getAirplaneTypes() with arguments[s] = []
2022-04-01 14:23:22.453  INFO 24808 --- [http-nio-8080-exec-2] com.smoothstack.ua.extras.LoggingAspect  : Enter: com.smoothstack.ua.services.AdminService.getALLAirplaneTypes() with arguments[s] = []
2022-04-01 14:23:22.773  WARN 24808 --- [http-nio-8080-exec-3] c.s.ua.security.jwt.JwtRequestFilter     : JWT Token does not begin with Bearer String
2022-04-01 14:23:22.775  INFO 24808 --- [http-nio-8080-exec-3] com.smoothstack.ua.extras.LoggingAspect  : Enter: com.smoothstack.ua.controllers.AdminController.getAirplaneTypes() with arguments[s] = []
2022-04-01 14:23:22.776  INFO 24808 --- [http-nio-8080-exec-3] com.smoothstack.ua.extras.LoggingAspect  : Enter: com.smoothstack.ua.services.AdminService.getALLAirplaneTypes() with arguments[s] = []
2022-04-01 14:23:23.187  WARN 24808 --- [http-nio-8080-exec-4] c.s.ua.security.jwt.JwtRequestFilter     : JWT Token does not begin with Bearer String
2022-04-01 14:23:23.188  INFO 24808 --- [http-nio-8080-exec-4] com.smoothstack.ua.extras.LoggingAspect  : Enter: com.smoothstack.ua.controllers.AdminController.getAirplaneTypes() with arguments[s] = []
2022-04-01 14:23:23.189  INFO 24808 --- [http-nio-8080-exec-4] com.smoothstack.ua.extras.LoggingAspect  : Enter: com.smoothstack.ua.services.AdminService.getALLAirplaneTypes() with arguments[s] = []
2022-04-01 14:23:23.550  WARN 24808 --- [http-nio-8080-exec-6] c.s.ua.security.jwt.JwtRequestFilter     : JWT Token does not begin with Bearer String
2022-04-01 14:23:23.552  INFO 24808 --- [http-nio-8080-exec-6] com.smoothstack.ua.extras.LoggingAspect  : Enter: com.smoothstack.ua.controllers.AdminController.getAirplaneTypes() with arguments[s] = []
2022-04-01 14:23:23.552  INFO 24808 --- [http-nio-8080-exec-6] com.smoothstack.ua.extras.LoggingAspect  : Enter: com.smoothstack.ua.services.AdminService.getALLAirplaneTypes() with arguments[s] = []
2022-04-01 14:23:23.855  WARN 24808 --- [http-nio-8080-exec-5] c.s.ua.security.jwt.JwtRequestFilter     : JWT Token does not begin with Bearer String
2022-04-01 14:23:23.857  INFO 24808 --- [http-nio-8080-exec-5] com.smoothstack.ua.extras.LoggingAspect  : Enter: com.smoothstack.ua.controllers.AdminController.getAirplaneTypes() with arguments[s] = []
2022-04-01 14:23:23.857  INFO 24808 --- [http-nio-8080-exec-5] com.smoothstack.ua.extras.LoggingAspect  : Enter: com.smoothstack.ua.services.AdminService.getALLAirplaneTypes() with arguments[s] = []
2022-04-01 14:23:25.901  WARN 24808 --- [http-nio-8080-exec-7] c.s.ua.security.jwt.JwtRequestFilter     : JWT Token does not begin with Bearer String
2022-04-01 14:23:25.903  INFO 24808 --- [http-nio-8080-exec-7] com.smoothstack.ua.extras.LoggingAspect  : Enter: com.smoothstack.ua.controllers.AdminController.getAirplaneTypes() with arguments[s] = []
2022-04-01 14:23:25.903  INFO 24808 --- [http-nio-8080-exec-7] com.smoothstack.ua.extras.LoggingAspect  : Enter: com.smoothstack.ua.services.AdminService.getALLAirplaneTypes() with arguments[s] = []
2022-04-01 14:23:26.257  WARN 24808 --- [http-nio-8080-exec-8] c.s.ua.security.jwt.JwtRequestFilter     : JWT Token does not begin with Bearer String
2022-04-01 14:23:26.258  INFO 24808 --- [http-nio-8080-exec-8] com.smoothstack.ua.extras.LoggingAspect  : Enter: com.smoothstack.ua.controllers.AdminController.getAirplaneTypes() with arguments[s] = []
2022-04-01 14:23:26.258  INFO 24808 --- [http-nio-8080-exec-8] com.smoothstack.ua.extras.LoggingAspect  : Enter: com.smoothstack.ua.services.AdminService.getALLAirplaneTypes() with arguments[s] = []
2022-04-01 14:23:26.796  WARN 24808 --- [http-nio-8080-exec-9] c.s.ua.security.jwt.JwtRequestFilter     : JWT Token does not begin with Bearer String
2022-04-01 14:23:26.797  INFO 24808 --- [http-nio-8080-exec-9] com.smoothstack.ua.extras.LoggingAspect  : Enter: com.smoothstack.ua.controllers.AdminController.getAirplaneTypes() with arguments[s] = []
2022-04-01 14:23:26.798  INFO 24808 --- [http-nio-8080-exec-9] com.smoothstack.ua.extras.LoggingAspect  : Enter: com.smoothstack.ua.services.AdminService.getALLAirplaneTypes() with arguments[s] = []
2022-04-01 14:23:27.264  WARN 24808 --- [http-nio-8080-exec-10] c.s.ua.security.jwt.JwtRequestFilter     : JWT Token does not begin with Bearer String
2022-04-01 14:23:27.265  INFO 24808 --- [http-nio-8080-exec-10] com.smoothstack.ua.extras.LoggingAspect  : Enter: com.smoothstack.ua.controllers.AdminController.getAirplaneTypes() with arguments[s] = []
2022-04-01 14:23:27.265  INFO 24808 --- [http-nio-8080-exec-10] com.smoothstack.ua.extras.LoggingAspect  : Enter: com.smoothstack.ua.services.AdminService.getALLAirplaneTypes() with arguments[s] = []
2022-04-01 14:25:42.470  WARN 24808 --- [http-nio-8080-exec-3] c.s.ua.security.jwt.JwtRequestFilter     : JWT Token does not begin with Bearer String
2022-04-01 14:25:42.471  INFO 24808 --- [http-nio-8080-exec-3] com.smoothstack.ua.extras.LoggingAspect  : Enter: com.smoothstack.ua.controllers.AdminController.getAirplaneTypes() with arguments[s] = []
2022-04-01 14:25:42.472  INFO 24808 --- [http-nio-8080-exec-3] com.smoothstack.ua.extras.LoggingAspect  : Enter: com.smoothstack.ua.services.AdminService.getALLAirplaneTypes() with arguments[s] = []
2022-04-01 14:25:43.081  WARN 24808 --- [http-nio-8080-exec-4] c.s.ua.security.jwt.JwtRequestFilter     : JWT Token does not begin with Bearer String
2022-04-01 14:25:43.083  INFO 24808 --- [http-nio-8080-exec-4] com.smoothstack.ua.extras.LoggingAspect  : Enter: com.smoothstack.ua.controllers.AdminController.getAirplaneTypes() with arguments[s] = []
2022-04-01 14:25:43.084  INFO 24808 --- [http-nio-8080-exec-4] com.smoothstack.ua.extras.LoggingAspect  : Enter: com.smoothstack.ua.services.AdminService.getALLAirplaneTypes() with arguments[s] = []
2022-04-01 15:07:20.648  WARN 24808 --- [http-nio-8080-exec-10] c.s.ua.security.jwt.JwtRequestFilter     : JWT Token does not begin with Bearer String
2022-04-01 15:07:20.659  INFO 24808 --- [http-nio-8080-exec-10] com.smoothstack.ua.extras.LoggingAspect  : Enter: com.smoothstack.ua.controllers.AdminController.getAirplaneTypes() with arguments[s] = []
2022-04-01 15:07:20.659  INFO 24808 --- [http-nio-8080-exec-10] com.smoothstack.ua.extras.LoggingAspect  : Enter: com.smoothstack.ua.services.AdminService.getALLAirplaneTypes() with arguments[s] = []
2022-04-01 15:07:21.001  WARN 24808 --- [http-nio-8080-exec-1] c.s.ua.security.jwt.JwtRequestFilter     : JWT Token does not begin with Bearer String
2022-04-01 15:07:21.002  INFO 24808 --- [http-nio-8080-exec-1] com.smoothstack.ua.extras.LoggingAspect  : Enter: com.smoothstack.ua.controllers.AdminController.getAirplaneTypes() with arguments[s] = []
2022-04-01 15:07:21.003  INFO 24808 --- [http-nio-8080-exec-1] com.smoothstack.ua.extras.LoggingAspect  : Enter: com.smoothstack.ua.services.AdminService.getALLAirplaneTypes() with arguments[s] = []
2022-04-01 15:07:21.248  WARN 24808 --- [http-nio-8080-exec-2] c.s.ua.security.jwt.JwtRequestFilter     : JWT Token does not begin with Bearer String
2022-04-01 15:07:21.249  INFO 24808 --- [http-nio-8080-exec-2] com.smoothstack.ua.extras.LoggingAspect  : Enter: com.smoothstack.ua.controllers.AdminController.getAirplaneTypes() with arguments[s] = []
2022-04-01 15:07:21.250  INFO 24808 --- [http-nio-8080-exec-2] com.smoothstack.ua.extras.LoggingAspect  : Enter: com.smoothstack.ua.services.AdminService.getALLAirplaneTypes() with arguments[s] = []
2022-04-01 15:07:21.605  WARN 24808 --- [http-nio-8080-exec-3] c.s.ua.security.jwt.JwtRequestFilter     : JWT Token does not begin with Bearer String
2022-04-01 15:07:21.607  INFO 24808 --- [http-nio-8080-exec-3] com.smoothstack.ua.extras.LoggingAspect  : Enter: com.smoothstack.ua.controllers.AdminController.getAirplaneTypes() with arguments[s] = []
2022-04-01 15:07:21.607  INFO 24808 --- [http-nio-8080-exec-3] com.smoothstack.ua.extras.LoggingAspect  : Enter: com.smoothstack.ua.services.AdminService.getALLAirplaneTypes() with arguments[s] = []
2022-04-01 15:07:22.210  WARN 24808 --- [http-nio-8080-exec-4] c.s.ua.security.jwt.JwtRequestFilter     : JWT Token does not begin with Bearer String
2022-04-01 15:07:22.211  INFO 24808 --- [http-nio-8080-exec-4] com.smoothstack.ua.extras.LoggingAspect  : Enter: com.smoothstack.ua.controllers.AdminController.getAirplaneTypes() with arguments[s] = []
2022-04-01 15:07:22.211  INFO 24808 --- [http-nio-8080-exec-4] com.smoothstack.ua.extras.LoggingAspect  : Enter: com.smoothstack.ua.services.AdminService.getALLAirplaneTypes() with arguments[s] = []
2022-04-01 15:07:22.544  WARN 24808 --- [http-nio-8080-exec-6] c.s.ua.security.jwt.JwtRequestFilter     : JWT Token does not begin with Bearer String
2022-04-01 15:07:22.545  INFO 24808 --- [http-nio-8080-exec-6] com.smoothstack.ua.extras.LoggingAspect  : Enter: com.smoothstack.ua.controllers.AdminController.getAirplaneTypes() with arguments[s] = []
2022-04-01 15:07:22.545  INFO 24808 --- [http-nio-8080-exec-6] com.smoothstack.ua.extras.LoggingAspect  : Enter: com.smoothstack.ua.services.AdminService.getALLAirplaneTypes() with arguments[s] = []
2022-04-01 15:07:23.002  WARN 24808 --- [http-nio-8080-exec-5] c.s.ua.security.jwt.JwtRequestFilter     : JWT Token does not begin with Bearer String
2022-04-01 15:07:23.004  INFO 24808 --- [http-nio-8080-exec-5] com.smoothstack.ua.extras.LoggingAspect  : Enter: com.smoothstack.ua.controllers.AdminController.getAirplaneTypes() with arguments[s] = []
2022-04-01 15:07:23.004  INFO 24808 --- [http-nio-8080-exec-5] com.smoothstack.ua.extras.LoggingAspect  : Enter: com.smoothstack.ua.services.AdminService.getALLAirplaneTypes() with arguments[s] = []
2022-04-01 15:07:23.387  WARN 24808 --- [http-nio-8080-exec-7] c.s.ua.security.jwt.JwtRequestFilter     : JWT Token does not begin with Bearer String
2022-04-01 15:07:23.388  INFO 24808 --- [http-nio-8080-exec-7] com.smoothstack.ua.extras.LoggingAspect  : Enter: com.smoothstack.ua.controllers.AdminController.getAirplaneTypes() with arguments[s] = []
2022-04-01 15:07:23.389  INFO 24808 --- [http-nio-8080-exec-7] com.smoothstack.ua.extras.LoggingAspect  : Enter: com.smoothstack.ua.services.AdminService.getALLAirplaneTypes() with arguments[s] = []
2022-04-01 15:07:23.772  WARN 24808 --- [http-nio-8080-exec-8] c.s.ua.security.jwt.JwtRequestFilter     : JWT Token does not begin with Bearer String
2022-04-01 15:07:23.773  INFO 24808 --- [http-nio-8080-exec-8] com.smoothstack.ua.extras.LoggingAspect  : Enter: com.smoothstack.ua.controllers.AdminController.getAirplaneTypes() with arguments[s] = []
2022-04-01 15:07:23.774  INFO 24808 --- [http-nio-8080-exec-8] com.smoothstack.ua.extras.LoggingAspect  : Enter: com.smoothstack.ua.services.AdminService.getALLAirplaneTypes() with arguments[s] = []
2022-04-01 15:07:24.208  WARN 24808 --- [http-nio-8080-exec-9] c.s.ua.security.jwt.JwtRequestFilter     : JWT Token does not begin with Bearer String
2022-04-01 15:07:24.209  INFO 24808 --- [http-nio-8080-exec-9] com.smoothstack.ua.extras.LoggingAspect  : Enter: com.smoothstack.ua.controllers.AdminController.getAirplaneTypes() with arguments[s] = []
2022-04-01 15:07:24.209  INFO 24808 --- [http-nio-8080-exec-9] com.smoothstack.ua.extras.LoggingAspect  : Enter: com.smoothstack.ua.services.AdminService.getALLAirplaneTypes() with arguments[s] = []
2022-04-01 15:07:24.549  WARN 24808 --- [http-nio-8080-exec-10] c.s.ua.security.jwt.JwtRequestFilter     : JWT Token does not begin with Bearer String
2022-04-01 15:07:24.550  INFO 24808 --- [http-nio-8080-exec-10] com.smoothstack.ua.extras.LoggingAspect  : Enter: com.smoothstack.ua.controllers.AdminController.getAirplaneTypes() with arguments[s] = []
2022-04-01 15:07:24.550  INFO 24808 --- [http-nio-8080-exec-10] com.smoothstack.ua.extras.LoggingAspect  : Enter: com.smoothstack.ua.services.AdminService.getALLAirplaneTypes() with arguments[s] = []
2022-04-01 15:10:56.244  INFO 24808 --- [SpringApplicationShutdownHook] j.LocalContainerEntityManagerFactoryBean : Closing JPA EntityManagerFactory for persistence unit 'default'
2022-04-01 15:10:56.257  INFO 24808 --- [SpringApplicationShutdownHook] com.zaxxer.hikari.HikariDataSource       : HikariPool-1 - Shutdown initiated...
2022-04-01 15:10:56.265  INFO 24808 --- [SpringApplicationShutdownHook] com.zaxxer.hikari.HikariDataSource       : HikariPool-1 - Shutdown completed.
